IFeira-principal/app/build/intermediates/manifest_merge_blame_file/debug/manifest-merger-blame-debug-report.txt
1<?xml version="1.0" encoding="utf-8"?>
2<manifest xmlns:android="http://schemas.android.com/apk/res/android"
3    package="com.example.ifeira"
4    android:versionCode="1"
5    android:versionName="1.0" >
6
7    <uses-sdk
8        android:minSdkVersion="21"
8-->src\main\AndroidManifest.xml
9        android:targetSdkVersion="32" />
9-->src\main\AndroidManifest.xml
10
11    <!-- Although the *SdkVersion is captured in gradle build files, this is required for non gradle builds -->
12    <!-- <uses-sdk android:minSdkVersion="14"/> -->
13    <uses-permission android:name="android.permission.ACCESS_NETWORK_STATE" />
13-->[com.google.firebase:firebase-database:20.1.0] AndroidManifest.xml:24:5-79
13-->[com.google.firebase:firebase-database:20.1.0] AndroidManifest.xml:24:22-76
14    <uses-permission android:name="android.permission.INTERNET" />
14-->[com.google.firebase:firebase-database:20.1.0] AndroidManifest.xml:25:5-67
14-->[com.google.firebase:firebase-database:20.1.0] AndroidManifest.xml:25:22-64
15    <uses-permission android:name="android.permission.WAKE_LOCK" />
15-->[com.google.android.gms:play-services-measurement-api:21.2.0] AndroidManifest.xml:24:5-68
15-->[com.google.android.gms:play-services-measurement-api:21.2.0] AndroidManifest.xml:24:22-65
16    <uses-permission android:name="com.google.android.gms.permission.AD_ID" />
16-->[com.google.android.gms:play-services-measurement-api:21.2.0] AndroidManifest.xml:25:5-79
16-->[com.google.android.gms:play-services-measurement-api:21.2.0] AndroidManifest.xml:25:22-76
17    <uses-permission android:name="com.google.android.finsky.permission.BIND_GET_INSTALL_REFERRER_SERVICE" />
17-->[com.google.android.gms:play-services-measurement:21.2.0] AndroidManifest.xml:26:5-110
17-->[com.google.android.gms:play-services-measurement:21.2.0] AndroidManifest.xml:26:22-107
18
19    <application
19-->src\main\AndroidManifest.xml:5:5-169:19
20        android:allowBackup="true"
20-->src\main\AndroidManifest.xml:6:9-35
21        android:appComponentFactory="androidx.core.app.CoreComponentFactory"
21-->[androidx.core:core:1.8.0] AndroidManifest.xml:24:18-86
22        android:dataExtractionRules="@xml/data_extraction_rules"
22-->src\main\AndroidManifest.xml:7:9-65
23        android:debuggable="true"
24        android:fullBackupContent="@xml/backup_rules"
24-->src\main\AndroidManifest.xml:8:9-54
25        android:icon="@mipmap/ic_launcher"
25-->src\main\AndroidManifest.xml:9:9-43
26        android:label="@string/app_name"
26-->src\main\AndroidManifest.xml:10:9-41
27        android:roundIcon="@mipmap/ic_launcher_round"
27-->src\main\AndroidManifest.xml:11:9-54
28        android:supportsRtl="true"
28-->src\main\AndroidManifest.xml:12:9-35
29        android:testOnly="true"
30        android:theme="@style/Theme.AppCompat.Light.NoActionBar" >
30-->src\main\AndroidManifest.xml:13:9-65
31        <activity
31-->src\main\AndroidManifest.xml:15:9-21:20
32            android:name="com.example.ifeira.CadastrarProdutos"
32-->src\main\AndroidManifest.xml:16:13-46
33            android:exported="false" >
33-->src\main\AndroidManifest.xml:17:13-37
34            <meta-data
34-->src\main\AndroidManifest.xml:18:13-20:36
35                android:name="android.app.lib_name"
35-->src\main\AndroidManifest.xml:19:17-52
36                android:value="" />
36-->src\main\AndroidManifest.xml:20:17-33
37        </activity>
38        <activity
38-->src\main\AndroidManifest.xml:22:9-28:20
39            android:name="com.example.ifeira.TodasFrutas"
39-->src\main\AndroidManifest.xml:23:13-40
40            android:exported="false" >
40-->src\main\AndroidManifest.xml:24:13-37
41            <meta-data
41-->src\main\AndroidManifest.xml:18:13-20:36
42                android:name="android.app.lib_name"
42-->src\main\AndroidManifest.xml:19:17-52
43                android:value="" />
43-->src\main\AndroidManifest.xml:20:17-33
44        </activity>
45        <activity
45-->src\main\AndroidManifest.xml:29:9-35:20
46            android:name="com.example.ifeira.TodosLegumes"
46-->src\main\AndroidManifest.xml:30:13-41
47            android:exported="false" >
47-->src\main\AndroidManifest.xml:31:13-37
48            <meta-data
48-->src\main\AndroidManifest.xml:18:13-20:36
49                android:name="android.app.lib_name"
49-->src\main\AndroidManifest.xml:19:17-52
50                android:value="" />
50-->src\main\AndroidManifest.xml:20:17-33
51        </activity>
52        <activity
52-->src\main\AndroidManifest.xml:36:9-48:20
53            android:name="com.example.ifeira.TelaLoginCadastro"
53-->src\main\AndroidManifest.xml:37:13-46
54            android:exported="true" >
54-->src\main\AndroidManifest.xml:38:13-36
55            <intent-filter>
55-->src\main\AndroidManifest.xml:39:13-43:29
56                <action android:name="android.intent.action.MAIN" />
56-->src\main\AndroidManifest.xml:40:17-69
56-->src\main\AndroidManifest.xml:40:25-66
57
58                <category android:name="android.intent.category.LAUNCHER" />
58-->src\main\AndroidManifest.xml:42:17-77
58-->src\main\AndroidManifest.xml:42:27-74
59            </intent-filter>
60
61            <meta-data
61-->src\main\AndroidManifest.xml:18:13-20:36
62                android:name="android.app.lib_name"
62-->src\main\AndroidManifest.xml:19:17-52
63                android:value="" />
63-->src\main\AndroidManifest.xml:20:17-33
64        </activity>
65        <activity
65-->src\main\AndroidManifest.xml:49:9-55:20
66            android:name="com.example.ifeira.HorariosDetalhes"
66-->src\main\AndroidManifest.xml:50:13-45
67            android:exported="false" >
67-->src\main\AndroidManifest.xml:51:13-37
68            <meta-data
68-->src\main\AndroidManifest.xml:18:13-20:36
69                android:name="android.app.lib_name"
69-->src\main\AndroidManifest.xml:19:17-52
70                android:value="" />
70-->src\main\AndroidManifest.xml:20:17-33
71        </activity>
72        <activity
72-->src\main\AndroidManifest.xml:56:9-62:20
73            android:name="com.example.ifeira.SobreDetalhes"
73-->src\main\AndroidManifest.xml:57:13-42
74            android:exported="false" >
74-->src\main\AndroidManifest.xml:58:13-37
75            <meta-data
75-->src\main\AndroidManifest.xml:18:13-20:36
76                android:name="android.app.lib_name"
76-->src\main\AndroidManifest.xml:19:17-52
77                android:value="" />
77-->src\main\AndroidManifest.xml:20:17-33
78        </activity>
79        <activity
79-->src\main\AndroidManifest.xml:63:9-69:20
80            android:name="com.example.ifeira.Recovery"
80-->src\main\AndroidManifest.xml:64:13-37
81            android:exported="false" >
81-->src\main\AndroidManifest.xml:65:13-37
82            <meta-data
82-->src\main\AndroidManifest.xml:18:13-20:36
83                android:name="android.app.lib_name"
83-->src\main\AndroidManifest.xml:19:17-52
84                android:value="" />
84-->src\main\AndroidManifest.xml:20:17-33
85        </activity>
86        <activity
86-->src\main\AndroidManifest.xml:70:9-76:20
87            android:name="com.example.ifeira.Login"
87-->src\main\AndroidManifest.xml:71:13-34
88            android:exported="false" >
88-->src\main\AndroidManifest.xml:72:13-37
89            <meta-data
89-->src\main\AndroidManifest.xml:18:13-20:36
90                android:name="android.app.lib_name"
90-->src\main\AndroidManifest.xml:19:17-52
91                android:value="" />
91-->src\main\AndroidManifest.xml:20:17-33
92        </activity>
93        <activity
93-->src\main\AndroidManifest.xml:77:9-83:20
94            android:name="com.example.ifeira.MeusProdutos"
94-->src\main\AndroidManifest.xml:78:13-41
95            android:exported="false" >
95-->src\main\AndroidManifest.xml:79:13-37
96            <meta-data
96-->src\main\AndroidManifest.xml:18:13-20:36
97                android:name="android.app.lib_name"
97-->src\main\AndroidManifest.xml:19:17-52
98                android:value="" />
98-->src\main\AndroidManifest.xml:20:17-33
99        </activity>
100        <activity
100-->src\main\AndroidManifest.xml:84:9-90:20
101            android:name="com.example.ifeira.TelaDeConversas"
101-->src\main\AndroidManifest.xml:85:13-44
102            android:exported="false" >
102-->src\main\AndroidManifest.xml:86:13-37
103            <meta-data
103-->src\main\AndroidManifest.xml:18:13-20:36
104                android:name="android.app.lib_name"
104-->src\main\AndroidManifest.xml:19:17-52
105                android:value="" />
105-->src\main\AndroidManifest.xml:20:17-33
106        </activity>
107        <activity
107-->src\main\AndroidManifest.xml:91:9-97:20
108            android:name="com.example.ifeira.MenuLateral"
108-->src\main\AndroidManifest.xml:92:13-40
109            android:exported="false" >
109-->src\main\AndroidManifest.xml:93:13-37
110            <meta-data
110-->src\main\AndroidManifest.xml:18:13-20:36
111                android:name="android.app.lib_name"
111-->src\main\AndroidManifest.xml:19:17-52
112                android:value="" />
112-->src\main\AndroidManifest.xml:20:17-33
113        </activity>
114        <activity
114-->src\main\AndroidManifest.xml:98:9-105:20
115            android:name="com.example.ifeira.MeusPedidos"
115-->src\main\AndroidManifest.xml:99:13-40
116            android:exported="false"
116-->src\main\AndroidManifest.xml:100:13-37
117            android:label="MeusPedidos" >
117-->src\main\AndroidManifest.xml:101:13-40
118            <meta-data
118-->src\main\AndroidManifest.xml:18:13-20:36
119                android:name="android.app.lib_name"
119-->src\main\AndroidManifest.xml:19:17-52
120                android:value="" />
120-->src\main\AndroidManifest.xml:20:17-33
121        </activity>
122        <activity
122-->src\main\AndroidManifest.xml:106:9-113:20
123            android:name="com.example.ifeira.PerfilUsuario"
123-->src\main\AndroidManifest.xml:107:13-42
124            android:exported="false"
124-->src\main\AndroidManifest.xml:108:13-37
125            android:label="PerfilUsuario" >
125-->src\main\AndroidManifest.xml:109:13-42
126            <meta-data
126-->src\main\AndroidManifest.xml:18:13-20:36
127                android:name="android.app.lib_name"
127-->src\main\AndroidManifest.xml:19:17-52
128                android:value="" />
128-->src\main\AndroidManifest.xml:20:17-33
129        </activity>
130        <activity
130-->src\main\AndroidManifest.xml:114:9-121:20
131            android:name="com.example.ifeira.PerfilVendedor"
131-->src\main\AndroidManifest.xml:115:13-43
132            android:exported="false"
132-->src\main\AndroidManifest.xml:116:13-37
133            android:label="PerfilVendedor" >
133-->src\main\AndroidManifest.xml:117:13-43
134            <meta-data
134-->src\main\AndroidManifest.xml:18:13-20:36
135                android:name="android.app.lib_name"
135-->src\main\AndroidManifest.xml:19:17-52
136                android:value="" />
136-->src\main\AndroidManifest.xml:20:17-33
137        </activity>
138        <activity
138-->src\main\AndroidManifest.xml:122:9-129:20
139            android:name="com.example.ifeira.TelaProduto"
139-->src\main\AndroidManifest.xml:123:13-40
140            android:exported="false"
140-->src\main\AndroidManifest.xml:124:13-37
141            android:label="TelaProduto" >
141-->src\main\AndroidManifest.xml:125:13-40
142            <meta-data
142-->src\main\AndroidManifest.xml:18:13-20:36
143                android:name="android.app.lib_name"
143-->src\main\AndroidManifest.xml:19:17-52
144                android:value="" />
144-->src\main\AndroidManifest.xml:20:17-33
145        </activity>
146        <activity
146-->src\main\AndroidManifest.xml:130:9-137:20
147            android:name="com.example.ifeira.Carrinho"
147-->src\main\AndroidManifest.xml:131:13-37
148            android:exported="false"
148-->src\main\AndroidManifest.xml:132:13-37
149            android:label="Carrinho" >
149-->src\main\AndroidManifest.xml:133:13-37
150            <meta-data
150-->src\main\AndroidManifest.xml:18:13-20:36
151                android:name="android.app.lib_name"
151-->src\main\AndroidManifest.xml:19:17-52
152                android:value="" />
152-->src\main\AndroidManifest.xml:20:17-33
153        </activity>
154        <activity
154-->src\main\AndroidManifest.xml:138:9-145:20
155            android:name="com.example.ifeira.TelaDePagamento"
155-->src\main\AndroidManifest.xml:139:13-44
156            android:exported="false"
156-->src\main\AndroidManifest.xml:140:13-37
157            android:label="Pagamento" >
157-->src\main\AndroidManifest.xml:141:13-38
158            <meta-data
158-->src\main\AndroidManifest.xml:18:13-20:36
159                android:name="android.app.lib_name"
159-->src\main\AndroidManifest.xml:19:17-52
160                android:value="" />
160-->src\main\AndroidManifest.xml:20:17-33
161        </activity>
162        <activity
162-->src\main\AndroidManifest.xml:146:9-153:20
163            android:name="com.example.ifeira.HistoricoDePedidos"
163-->src\main\AndroidManifest.xml:147:13-47
164            android:exported="false"
164-->src\main\AndroidManifest.xml:148:13-37
165            android:label="Histórico de Pedidos" >
165-->src\main\AndroidManifest.xml:149:13-49
166            <meta-data
166-->src\main\AndroidManifest.xml:18:13-20:36
167                android:name="android.app.lib_name"
167-->src\main\AndroidManifest.xml:19:17-52
168                android:value="" />
168-->src\main\AndroidManifest.xml:20:17-33
169        </activity>
170        <activity
170-->src\main\AndroidManifest.xml:154:9-161:20
171            android:name="com.example.ifeira.CadastroDoUsuario"
171-->src\main\AndroidManifest.xml:155:13-46
172            android:exported="false"
172-->src\main\AndroidManifest.xml:156:13-37
173            android:label="Cadastro" >
173-->src\main\AndroidManifest.xml:157:13-37
174            <meta-data
174-->src\main\AndroidManifest.xml:18:13-20:36
175                android:name="android.app.lib_name"
175-->src\main\AndroidManifest.xml:19:17-52
176                android:value="" />
176-->src\main\AndroidManifest.xml:20:17-33
177        </activity>
178        <activity
178-->src\main\AndroidManifest.xml:162:9-168:20
179            android:name="com.example.ifeira.MainActivity"
179-->src\main\AndroidManifest.xml:163:13-41
180            android:exported="false" >
180-->src\main\AndroidManifest.xml:164:13-37
181            <meta-data
181-->src\main\AndroidManifest.xml:18:13-20:36
182                android:name="android.app.lib_name"
182-->src\main\AndroidManifest.xml:19:17-52
183                android:value="" />
183-->src\main\AndroidManifest.xml:20:17-33
184        </activity>
185
186        <service
186-->[com.google.firebase:firebase-database:20.1.0] AndroidManifest.xml:28:9-34:19
187            android:name="com.google.firebase.components.ComponentDiscoveryService"
187-->[com.google.firebase:firebase-database:20.1.0] AndroidManifest.xml:29:13-84
188            android:directBootAware="true"
188-->[com.google.firebase:firebase-common:20.2.0] AndroidManifest.xml:34:13-43
189            android:exported="false" >
189-->[com.google.firebase:firebase-database:20.1.0] AndroidManifest.xml:30:13-37
190            <meta-data
190-->[com.google.firebase:firebase-database:20.1.0] AndroidManifest.xml:31:13-33:85
191                android:name="com.google.firebase.components:com.google.firebase.database.DatabaseRegistrar"
191-->[com.google.firebase:firebase-database:20.1.0] AndroidManifest.xml:32:17-109
192                android:value="com.google.firebase.components.ComponentRegistrar" />
192-->[com.google.firebase:firebase-database:20.1.0] AndroidManifest.xml:33:17-82
193            <meta-data
193-->[com.google.firebase:firebase-auth:21.1.0] AndroidManifest.xml:67:13-69:85
194                android:name="com.google.firebase.components:com.google.firebase.auth.FirebaseAuthRegistrar"
194-->[com.google.firebase:firebase-auth:21.1.0] AndroidManifest.xml:68:17-109
195                android:value="com.google.firebase.components.ComponentRegistrar" />
195-->[com.google.firebase:firebase-auth:21.1.0] AndroidManifest.xml:69:17-82
196            <meta-data
196-->[com.google.firebase:firebase-analytics-ktx:21.2.0] AndroidManifest.xml:11:13-13:85
197                android:name="com.google.firebase.components:com.google.firebase.analytics.ktx.FirebaseAnalyticsKtxRegistrar"
197-->[com.google.firebase:firebase-analytics-ktx:21.2.0] AndroidManifest.xml:12:17-126
198                android:value="com.google.firebase.components.ComponentRegistrar" />
198-->[com.google.firebase:firebase-analytics-ktx:21.2.0] AndroidManifest.xml:13:17-82
199            <meta-data
199-->[com.google.firebase:firebase-common-ktx:20.2.0] AndroidManifest.xml:14:13-16:85
200                android:name="com.google.firebase.components:com.google.firebase.ktx.FirebaseCommonKtxRegistrar"
200-->[com.google.firebase:firebase-common-ktx:20.2.0] AndroidManifest.xml:15:17-113
201                android:value="com.google.firebase.components.ComponentRegistrar" />
201-->[com.google.firebase:firebase-common-ktx:20.2.0] AndroidManifest.xml:16:17-82
202            <meta-data
202-->[com.google.android.gms:play-services-measurement-api:21.2.0] AndroidManifest.xml:31:13-33:85
203                android:name="com.google.firebase.components:com.google.firebase.analytics.connector.internal.AnalyticsConnectorRegistrar"
203-->[com.google.android.gms:play-services-measurement-api:21.2.0] AndroidManifest.xml:32:17-139
204                android:value="com.google.firebase.components.ComponentRegistrar" />
204-->[com.google.android.gms:play-services-measurement-api:21.2.0] AndroidManifest.xml:33:17-82
205            <meta-data
205-->[com.google.firebase:firebase-installations:17.1.0] AndroidManifest.xml:17:13-19:85
206                android:name="com.google.firebase.components:com.google.firebase.installations.FirebaseInstallationsRegistrar"
206-->[com.google.firebase:firebase-installations:17.1.0] AndroidManifest.xml:18:17-127
207                android:value="com.google.firebase.components.ComponentRegistrar" />
207-->[com.google.firebase:firebase-installations:17.1.0] AndroidManifest.xml:19:17-82
208        </service>
209
210        <activity
210-->[com.google.firebase:firebase-auth:21.1.0] AndroidManifest.xml:27:9-44:20
211            android:name="com.google.firebase.auth.internal.GenericIdpActivity"
211-->[com.google.firebase:firebase-auth:21.1.0] AndroidManifest.xml:28:13-80
212            android:excludeFromRecents="true"
212-->[com.google.firebase:firebase-auth:21.1.0] AndroidManifest.xml:29:13-46
213            android:exported="true"
213-->[com.google.firebase:firebase-auth:21.1.0] AndroidManifest.xml:30:13-36
214            android:launchMode="singleTask"
214-->[com.google.firebase:firebase-auth:21.1.0] AndroidManifest.xml:31:13-44
215            android:theme="@android:style/Theme.Translucent.NoTitleBar" >
215-->[com.google.firebase:firebase-auth:21.1.0] AndroidManifest.xml:32:13-72
216            <intent-filter>
216-->[com.google.firebase:firebase-auth:21.1.0] AndroidManifest.xml:33:13-43:29
217                <action android:name="android.intent.action.VIEW" />
217-->[com.google.firebase:firebase-auth:21.1.0] AndroidManifest.xml:34:17-69
217-->[com.google.firebase:firebase-auth:21.1.0] AndroidManifest.xml:34:25-66
218
219                <category android:name="android.intent.category.DEFAULT" />
219-->[com.google.firebase:firebase-auth:21.1.0] AndroidManifest.xml:36:17-76
219-->[com.google.firebase:firebase-auth:21.1.0] AndroidManifest.xml:36:27-73
220                <category android:name="android.intent.category.BROWSABLE" />
220-->[com.google.firebase:firebase-auth:21.1.0] AndroidManifest.xml:37:17-78
220-->[com.google.firebase:firebase-auth:21.1.0] AndroidManifest.xml:37:27-75
221
222                <data
222-->[com.google.firebase:firebase-auth:21.1.0] AndroidManifest.xml:39:17-42:51
223                    android:host="firebase.auth"
223-->[com.google.firebase:firebase-auth:21.1.0] AndroidManifest.xml:40:21-49
224                    android:path="/"
224-->[com.google.firebase:firebase-auth:21.1.0] AndroidManifest.xml:41:21-37
225                    android:scheme="genericidp" />
225-->[com.google.firebase:firebase-auth:21.1.0] AndroidManifest.xml:42:21-48
226            </intent-filter>
227        </activity>
228        <activity
228-->[com.google.firebase:firebase-auth:21.1.0] AndroidManifest.xml:45:9-62:20
229            android:name="com.google.firebase.auth.internal.RecaptchaActivity"
229-->[com.google.firebase:firebase-auth:21.1.0] AndroidManifest.xml:46:13-79
230            android:excludeFromRecents="true"
230-->[com.google.firebase:firebase-auth:21.1.0] AndroidManifest.xml:47:13-46
231            android:exported="true"
231-->[com.google.firebase:firebase-auth:21.1.0] AndroidManifest.xml:48:13-36
232            android:launchMode="singleTask"
232-->[com.google.firebase:firebase-auth:21.1.0] AndroidManifest.xml:49:13-44
233            android:theme="@android:style/Theme.Translucent.NoTitleBar" >
233-->[com.google.firebase:firebase-auth:21.1.0] AndroidManifest.xml:50:13-72
234            <intent-filter>
234-->[com.google.firebase:firebase-auth:21.1.0] AndroidManifest.xml:51:13-61:29
235                <action android:name="android.intent.action.VIEW" />
235-->[com.google.firebase:firebase-auth:21.1.0] AndroidManifest.xml:34:17-69
235-->[com.google.firebase:firebase-auth:21.1.0] AndroidManifest.xml:34:25-66
236
237                <category android:name="android.intent.category.DEFAULT" />
237-->[com.google.firebase:firebase-auth:21.1.0] AndroidManifest.xml:36:17-76
237-->[com.google.firebase:firebase-auth:21.1.0] AndroidManifest.xml:36:27-73
238                <category android:name="android.intent.category.BROWSABLE" />
238-->[com.google.firebase:firebase-auth:21.1.0] AndroidManifest.xml:37:17-78
238-->[com.google.firebase:firebase-auth:21.1.0] AndroidManifest.xml:37:27-75
239
240                <data
240-->[com.google.firebase:firebase-auth:21.1.0] AndroidManifest.xml:39:17-42:51
241                    android:host="firebase.auth"
241-->[com.google.firebase:firebase-auth:21.1.0] AndroidManifest.xml:40:21-49
242                    android:path="/"
242-->[com.google.firebase:firebase-auth:21.1.0] AndroidManifest.xml:41:21-37
243                    android:scheme="recaptcha" />
243-->[com.google.firebase:firebase-auth:21.1.0] AndroidManifest.xml:42:21-48
244            </intent-filter>
245        </activity>
246        <activity
246-->[com.google.android.gms:play-services-base:18.0.1] AndroidManifest.xml:20:9-22:45
247            android:name="com.google.android.gms.common.api.GoogleApiActivity"
247-->[com.google.android.gms:play-services-base:18.0.1] AndroidManifest.xml:20:19-85
248            android:exported="false"
248-->[com.google.android.gms:play-services-base:18.0.1] AndroidManifest.xml:22:19-43
249            android:theme="@android:style/Theme.Translucent.NoTitleBar" />
249-->[com.google.android.gms:play-services-base:18.0.1] AndroidManifest.xml:21:19-78
250
251        <provider
251-->[com.google.firebase:firebase-common:20.2.0] AndroidManifest.xml:25:9-30:39
252            android:name="com.google.firebase.provider.FirebaseInitProvider"
252-->[com.google.firebase:firebase-common:20.2.0] AndroidManifest.xml:26:13-77
253            android:authorities="com.example.ifeira.firebaseinitprovider"
253-->[com.google.firebase:firebase-common:20.2.0] AndroidManifest.xml:27:13-72
254            android:directBootAware="true"
254-->[com.google.firebase:firebase-common:20.2.0] AndroidManifest.xml:28:13-43
255            android:exported="false"
255-->[com.google.firebase:firebase-common:20.2.0] AndroidManifest.xml:29:13-37
256            android:initOrder="100" />
256-->[com.google.firebase:firebase-common:20.2.0] AndroidManifest.xml:30:13-36
257
258        <receiver
258-->[com.google.android.gms:play-services-measurement:21.2.0] AndroidManifest.xml:29:9-33:20
259            android:name="com.google.android.gms.measurement.AppMeasurementReceiver"
259-->[com.google.android.gms:play-services-measurement:21.2.0] AndroidManifest.xml:30:13-85
260            android:enabled="true"
260-->[com.google.android.gms:play-services-measurement:21.2.0] AndroidManifest.xml:31:13-35
261            android:exported="false" >
261-->[com.google.android.gms:play-services-measurement:21.2.0] AndroidManifest.xml:32:13-37
262        </receiver>
263
264        <service
264-->[com.google.android.gms:play-services-measurement:21.2.0] AndroidManifest.xml:35:9-38:40
265            android:name="com.google.android.gms.measurement.AppMeasurementService"
265-->[com.google.android.gms:play-services-measurement:21.2.0] AndroidManifest.xml:36:13-84
266            android:enabled="true"
266-->[com.google.android.gms:play-services-measurement:21.2.0] AndroidManifest.xml:37:13-35
267            android:exported="false" />
267-->[com.google.android.gms:play-services-measurement:21.2.0] AndroidManifest.xml:38:13-37
268        <service
268-->[com.google.android.gms:play-services-measurement:21.2.0] AndroidManifest.xml:39:9-43:72
269            android:name="com.google.android.gms.measurement.AppMeasurementJobService"
269-->[com.google.android.gms:play-services-measurement:21.2.0] AndroidManifest.xml:40:13-87
270            android:enabled="true"
270-->[com.google.android.gms:play-services-measurement:21.2.0] AndroidManifest.xml:41:13-35
271            android:exported="false"
271-->[com.google.android.gms:play-services-measurement:21.2.0] AndroidManifest.xml:42:13-37
272            android:permission="android.permission.BIND_JOB_SERVICE" />
272-->[com.google.android.gms:play-services-measurement:21.2.0] AndroidManifest.xml:43:13-69
273
274        <uses-library
274-->[androidx.window:window:1.0.0] AndroidManifest.xml:25:9-27:40
275            android:name="androidx.window.extensions"
275-->[androidx.window:window:1.0.0] AndroidManifest.xml:26:13-54
276            android:required="false" />
276-->[androidx.window:window:1.0.0] AndroidManifest.xml:27:13-37
277        <uses-library
277-->[androidx.window:window:1.0.0] AndroidManifest.xml:28:9-30:40
278            android:name="androidx.window.sidecar"
278-->[androidx.window:window:1.0.0] AndroidManifest.xml:29:13-51
279            android:required="false" />
279-->[androidx.window:window:1.0.0] AndroidManifest.xml:30:13-37
280
281        <meta-data
281-->[com.google.android.gms:play-services-basement:18.1.0] AndroidManifest.xml:21:9-23:69
282            android:name="com.google.android.gms.version"
282-->[com.google.android.gms:play-services-basement:18.1.0] AndroidManifest.xml:22:13-58
283            android:value="@integer/google_play_services_version" />
283-->[com.google.android.gms:play-services-basement:18.1.0] AndroidManifest.xml:23:13-66
284
285        <provider
285-->[androidx.emoji2:emoji2:1.2.0] AndroidManifest.xml:24:9-32:20
286            android:name="androidx.startup.InitializationProvider"
286-->[androidx.emoji2:emoji2:1.2.0] AndroidManifest.xml:25:13-67
287            android:authorities="com.example.ifeira.androidx-startup"
287-->[androidx.emoji2:emoji2:1.2.0] AndroidManifest.xml:26:13-68
288            android:exported="false" >
288-->[androidx.emoji2:emoji2:1.2.0] AndroidManifest.xml:27:13-37
289            <meta-data
289-->[androidx.emoji2:emoji2:1.2.0] AndroidManifest.xml:29:13-31:52
290                android:name="androidx.emoji2.text.EmojiCompatInitializer"
290-->[androidx.emoji2:emoji2:1.2.0] AndroidManifest.xml:30:17-75
291                android:value="androidx.startup" />
291-->[androidx.emoji2:emoji2:1.2.0] AndroidManifest.xml:31:17-49
292            <meta-data
292-->[androidx.lifecycle:lifecycle-process:2.4.1] AndroidManifest.xml:31:13-33:52
293                android:name="androidx.lifecycle.ProcessLifecycleInitializer"
293-->[androidx.lifecycle:lifecycle-process:2.4.1] AndroidManifest.xml:32:17-78
294                android:value="androidx.startup" />
294-->[androidx.lifecycle:lifecycle-process:2.4.1] AndroidManifest.xml:33:17-49
295        </provider>
296    </application>
297
298</manifest>